<?xml version="1.0" encoding="UTF-8"?>
<!-- Generated by org.testng.reporters.JUnitXMLReporter -->
<testsuite hostname="MAVERICK" ignored="0" name="Test" tests="4" failures="4" timestamp="2020-03-10T10:45:28 IST" time="0.066" errors="0">
  <testcase name="tes1" time="0.014" classname="basicTestNGAnnotations.AssertAnnotation">
    <failure type="java.lang.AssertionError" message="The following asserts failed:
	expected [username] but found [Username1],
	expected [amey] but found [Username1]">
      <![CDATA[java.lang.AssertionError: The following asserts failed:
expected [username] but found [Username1],
expected [amey] but found [Username1]
at basicTestNGAnnotations.AssertAnnotation.tes1(AssertAnnotation.java:27)
at java.util.ArrayList.forEach(Unknown Source)
... Removed 29 stack frames]]>
    </failure>
  </testcase> <!-- tes1 -->
  <testcase name="tes1" time="0.002" classname="basicTestNGAnnotations.AssertAnnotation">
    <failure type="java.lang.AssertionError" message="The following asserts failed:
	expected [Username1] but found [Username2],
	expected [username] but found [Username2],
	expected [amey] but found [Username2]">
      <![CDATA[java.lang.AssertionError: The following asserts failed:
expected [Username1] but found [Username2],
expected [username] but found [Username2],
expected [amey] but found [Username2]
at basicTestNGAnnotations.AssertAnnotation.tes1(AssertAnnotation.java:27)
at java.util.ArrayList.forEach(Unknown Source)
... Removed 29 stack frames]]>
    </failure>
  </testcase> <!-- tes1 -->
  <testcase name="tes1" time="0.001" classname="basicTestNGAnnotations.AssertAnnotation">
    <failure type="java.lang.AssertionError" message="The following asserts failed:
	expected [Username1] but found [Username3],
	expected [username] but found [Username3],
	expected [amey] but found [Username3]">
      <![CDATA[java.lang.AssertionError: The following asserts failed:
expected [Username1] but found [Username3],
expected [username] but found [Username3],
expected [amey] but found [Username3]
at basicTestNGAnnotations.AssertAnnotation.tes1(AssertAnnotation.java:27)
at java.util.ArrayList.forEach(Unknown Source)
... Removed 29 stack frames]]>
    </failure>
  </testcase> <!-- tes1 -->
  <testcase name="tes1" time="0.002" classname="basicTestNGAnnotations.AssertAnnotation">
    <failure type="java.lang.AssertionError" message="The following asserts failed:
	expected [Username1] but found [Username4],
	expected [username] but found [Username4],
	expected [amey] but found [Username4]">
      <![CDATA[java.lang.AssertionError: The following asserts failed:
expected [Username1] but found [Username4],
expected [username] but found [Username4],
expected [amey] but found [Username4]
at basicTestNGAnnotations.AssertAnnotation.tes1(AssertAnnotation.java:27)
at java.util.ArrayList.forEach(Unknown Source)
... Removed 29 stack frames]]>
    </failure>
  </testcase> <!-- tes1 -->
</testsuite> <!-- Test -->
